# JRE version: Java(TM) SE Runtime Environment (8.0_151-b12) (build 1.8.0_151-b12)
# Java VM: Java HotSpot(TM) 64-Bit Server VM (25.151-b12 mixed mode windows-amd64 compressed oops)
Heap:
 PSYoungGen      total 1385472K, used 24692K [0x000000076b380000, 0x00000007c0000000, 0x00000007c0000000)
  eden space 1382912K, 1% used [0x000000076b380000,0x000000076cb9d158,0x00000007bfa00000)
  from space 2560K, 0% used [0x00000007bfa00000,0x00000007bfa00000,0x00000007bfc80000)
  to   space 3584K, 0% used [0x00000007bfc80000,0x00000007bfc80000,0x00000007c0000000)
 ParOldGen       total 196608K, used 55111K [0x00000006c1a00000, 0x00000006cda00000, 0x000000076b380000)
  object space 196608K, 28% used [0x00000006c1a00000,0x00000006c4fd1c50,0x00000006cda00000)
 Metaspace       used 33827K, capacity 35356K, committed 35800K, reserved 1079296K
  class space    used 4328K, capacity 4994K, committed 5120K, reserved 1048576K
GC Heap History (10 events):
Event: 3.509 GC heap before
{Heap before GC invocations=49 (full 1):
 PSYoungGen      total 1384960K, used 1382144K [0x000000076b380000, 0x00000007c0000000, 0x00000007c0000000)
  eden space 1381888K, 100% used [0x000000076b380000,0x00000007bf900000,0x00000007bf900000)
  from space 3072K, 8% used [0x00000007bf900000,0x00000007bf940000,0x00000007bfc00000)
  to   space 3072K, 0% used [0x00000007bfd00000,0x00000007bfd00000,0x00000007c0000000)
 ParOldGen       total 126976K, used 36009K [0x00000006c1a00000, 0x00000006c9600000, 0x000000076b380000)
  object space 126976K, 28% used [0x00000006c1a00000,0x00000006c3d2a480,0x00000006c9600000)
 Metaspace       used 26412K, capacity 27796K, committed 28160K, reserved 1073152K
  class space    used 3364K, capacity 4022K, committed 4096K, reserved 1048576K
Event: 3.510 GC heap after
Heap after GC invocations=49 (full 1):
 PSYoungGen      total 1385984K, used 288K [0x000000076b380000, 0x00000007c0000000, 0x00000007c0000000)
  eden space 1382912K, 0% used [0x000000076b380000,0x000000076b380000,0x00000007bfa00000)
  from space 3072K, 9% used [0x00000007bfd00000,0x00000007bfd48000,0x00000007c0000000)
  to   space 3072K, 0% used [0x00000007bfa00000,0x00000007bfa00000,0x00000007bfd00000)
 ParOldGen       total 126976K, used 36033K [0x00000006c1a00000, 0x00000006c9600000, 0x000000076b380000)
  object space 126976K, 28% used [0x00000006c1a00000,0x00000006c3d30480,0x00000006c9600000)
 Metaspace       used 26412K, capacity 27796K, committed 28160K, reserved 1073152K
  class space    used 3364K, capacity 4022K, committed 4096K, reserved 1048576K
}
Event: 3.515 GC heap before
{Heap before GC invocations=50 (full 1):
 PSYoungGen      total 1385984K, used 1383200K [0x000000076b380000, 0x00000007c0000000, 0x00000007c0000000)
  eden space 1382912K, 100% used [0x000000076b380000,0x00000007bfa00000,0x00000007bfa00000)
  from space 3072K, 9% used [0x00000007bfd00000,0x00000007bfd48000,0x00000007c0000000)
  to   space 3072K, 0% used [0x00000007bfa00000,0x00000007bfa00000,0x00000007bfd00000)
 ParOldGen       total 126976K, used 36033K [0x00000006c1a00000, 0x00000006c9600000, 0x000000076b380000)
  object space 126976K, 28% used [0x00000006c1a00000,0x00000006c3d30480,0x00000006c9600000)
 Metaspace       used 26412K, capacity 27796K, committed 28160K, reserved 1073152K
  class space    used 3364K, capacity 4022K, committed 4096K, reserved 1048576K
Event: 3.516 GC heap after
Heap after GC invocations=50 (full 1):
 PSYoungGen      total 1383424K, used 256K [0x000000076b380000, 0x00000007bff00000, 0x00000007c0000000)
  eden space 1382912K, 0% used [0x000000076b380000,0x000000076b380000,0x00000007bfa00000)
  from space 512K, 50% used [0x00000007bfa00000,0x00000007bfa40000,0x00000007bfa80000)
  to   space 2560K, 0% used [0x00000007bfc80000,0x00000007bfc80000,0x00000007bff00000)
 ParOldGen       total 126976K, used 36049K [0x00000006c1a00000, 0x00000006c9600000, 0x000000076b380000)
  object space 126976K, 28% used [0x00000006c1a00000,0x00000006c3d34480,0x00000006c9600000)
 Metaspace       used 26412K, capacity 27796K, committed 28160K, reserved 1073152K
  class space    used 3364K, capacity 4022K, committed 4096K, reserved 1048576K
}
Event: 3.521 GC heap before
{Heap before GC invocations=51 (full 1):
 PSYoungGen      total 1383424K, used 1383168K [0x000000076b380000, 0x00000007bff00000, 0x00000007c0000000)
  eden space 1382912K, 100% used [0x000000076b380000,0x00000007bfa00000,0x00000007bfa00000)
  from space 512K, 50% used [0x00000007bfa00000,0x00000007bfa40000,0x00000007bfa80000)
  to   space 2560K, 0% used [0x00000007bfc80000,0x00000007bfc80000,0x00000007bff00000)
 ParOldGen       total 126976K, used 36049K [0x00000006c1a00000, 0x00000006c9600000, 0x000000076b380000)
  object space 126976K, 28% used [0x00000006c1a00000,0x00000006c3d34480,0x00000006c9600000)
 Metaspace       used 26412K, capacity 27796K, committed 28160K, reserved 1073152K
  class space    used 3364K, capacity 4022K, committed 4096K, reserved 1048576K
Event: 3.522 GC heap after
Heap after GC invocations=51 (full 1):
 PSYoungGen      total 1385472K, used 224K [0x000000076b380000, 0x00000007c0000000, 0x00000007c0000000)
  eden space 1382912K, 0% used [0x000000076b380000,0x000000076b380000,0x00000007bfa00000)
  from space 2560K, 8% used [0x00000007bfc80000,0x00000007bfcb8000,0x00000007bff00000)
  to   space 2560K, 0% used [0x00000007bfa00000,0x00000007bfa00000,0x00000007bfc80000)
 ParOldGen       total 126976K, used 36073K [0x00000006c1a00000, 0x00000006c9600000, 0x000000076b380000)
  object space 126976K, 28% used [0x00000006c1a00000,0x00000006c3d3a480,0x00000006c9600000)
 Metaspace       used 26412K, capacity 27796K, committed 28160K, reserved 1073152K
  class space    used 3364K, capacity 4022K, committed 4096K, reserved 1048576K
}
Event: 8.508 GC heap before
{Heap before GC invocations=52 (full 1):
 PSYoungGen      total 1385472K, used 874159K [0x000000076b380000, 0x00000007c0000000, 0x00000007c0000000)
  eden space 1382912K, 63% used [0x000000076b380000,0x00000007a08f3ca8,0x00000007bfa00000)
  from space 2560K, 8% used [0x00000007bfc80000,0x00000007bfcb8000,0x00000007bff00000)
  to   space 2560K, 0% used [0x00000007bfa00000,0x00000007bfa00000,0x00000007bfc80000)
 ParOldGen       total 126976K, used 36073K [0x00000006c1a00000, 0x00000006c9600000, 0x000000076b380000)
  object space 126976K, 28% used [0x00000006c1a00000,0x00000006c3d3a480,0x00000006c9600000)
 Metaspace       used 33715K, capacity 35196K, committed 35416K, reserved 1079296K
  class space    used 4298K, capacity 4962K, committed 4992K, reserved 1048576K
Event: 8.515 GC heap after
Heap after GC invocations=52 (full 1):
 PSYoungGen      total 1385472K, used 2559K [0x000000076b380000, 0x00000007c0000000, 0x00000007c0000000)
  eden space 1382912K, 0% used [0x000000076b380000,0x000000076b380000,0x00000007bfa00000)
  from space 2560K, 99% used [0x00000007bfa00000,0x00000007bfc7ffc8,0x00000007bfc80000)
  to   space 3584K, 0% used [0x00000007bfc80000,0x00000007bfc80000,0x00000007c0000000)
 ParOldGen       total 126976K, used 61476K [0x00000006c1a00000, 0x00000006c9600000, 0x000000076b380000)
  object space 126976K, 48% used [0x00000006c1a00000,0x00000006c5609390,0x00000006c9600000)
 Metaspace       used 33715K, capacity 35196K, committed 35416K, reserved 1079296K
  class space    used 4298K, capacity 4962K, committed 4992K, reserved 1048576K
}
Event: 8.515 GC heap before
{Heap before GC invocations=53 (full 2):
 PSYoungGen      total 1385472K, used 2559K [0x000000076b380000, 0x00000007c0000000, 0x00000007c0000000)
  eden space 1382912K, 0% used [0x000000076b380000,0x000000076b380000,0x00000007bfa00000)
  from space 2560K, 99% used [0x00000007bfa00000,0x00000007bfc7ffc8,0x00000007bfc80000)
  to   space 3584K, 0% used [0x00000007bfc80000,0x00000007bfc80000,0x00000007c0000000)
 ParOldGen       total 126976K, used 61476K [0x00000006c1a00000, 0x00000006c9600000, 0x000000076b380000)
  object space 126976K, 48% used [0x00000006c1a00000,0x00000006c5609390,0x00000006c9600000)
 Metaspace       used 33715K, capacity 35196K, committed 35416K, reserved 1079296K
  class space    used 4298K, capacity 4962K, committed 4992K, reserved 1048576K
Event: 8.575 GC heap after
Heap after GC invocations=53 (full 2):
 PSYoungGen      total 1385472K, used 0K [0x000000076b380000, 0x00000007c0000000, 0x00000007c0000000)
  eden space 1382912K, 0% used [0x000000076b380000,0x000000076b380000,0x00000007bfa00000)
  from space 2560K, 0% used [0x00000007bfa00000,0x00000007bfa00000,0x00000007bfc80000)
  to   space 3584K, 0% used [0x00000007bfc80000,0x00000007bfc80000,0x00000007c0000000)
 ParOldGen       total 196608K, used 55111K [0x00000006c1a00000, 0x00000006cda00000, 0x000000076b380000)
  object space 196608K, 28% used [0x00000006c1a00000,0x00000006c4fd1c50,0x00000006cda00000)
 Metaspace       used 33715K, capacity 35196K, committed 35416K, reserved 1079296K
  class space    used 4298K, capacity 4962K, committed 4992K, reserved 1048576K
}

